<?xml version="1.0" encoding="UTF-8"?>
<!-- Generated by org.testng.reporters.JUnitXMLReporter -->
<testsuite ignored="3" hostname="techcirclesMini" failures="0" tests="1" name="Default test" time="66.778" errors="0" timestamp="2024-03-18T21:57:40 EDT">
  <testcase classname="tests.homePageTest" name="testingRetry" time="0.065"/>
  <testcase classname="tests.homePageTest" name="homePageWithThreeSlidersOnly" time="0.0">
    <ignored/>
  </testcase> <!-- homePageWithThreeSlidersOnly -->
  <testcase classname="tests.homePageTest" name="homePageImagesInArrivalsShouldNavigate" time="0.0">
    <ignored/>
  </testcase> <!-- homePageImagesInArrivalsShouldNavigate -->
  <testcase classname="tests.homePageTest" name="homePageWithThreeArrivalsOnlyTest" time="0.0">
    <ignored/>
  </testcase> <!-- homePageWithThreeArrivalsOnlyTest -->
</testsuite> <!-- Default test -->
