<?xml version="1.0" encoding="UTF-8"?>
<testng-results ignored="0" total="1" passed="1" failed="0" skipped="0">
  <reporter-output>
  </reporter-output>
  <suite started-at="2024-03-18T21:56:33 EDT" name="Default suite" finished-at="2024-03-18T21:57:40 EDT" duration-ms="66778">
    <groups>
    </groups>
    <test started-at="2024-03-18T21:56:33 EDT" name="Default test" finished-at="2024-03-18T21:57:40 EDT" duration-ms="66778">
      <class name="tests.homePageTest">
        <test-method is-config="true" signature="getDriver()[pri:0, instance:tests.homePageTest@5032714f]" started-at="2024-03-18T21:56:33 EDT" name="getDriver" finished-at="2024-03-18T21:57:39 EDT" duration-ms="65641" status="PASS">
          <reporter-output>
          </reporter-output>
        </test-method> <!-- getDriver -->
        <test-method signature="testingRetry()[pri:0, instance:tests.homePageTest@5032714f]" started-at="2024-03-18T21:57:39 EDT" name="testingRetry" finished-at="2024-03-18T21:57:39 EDT" duration-ms="65" status="PASS">
          <reporter-output>
          </reporter-output>
        </test-method> <!-- testingRetry -->
        <test-method is-config="true" signature="teardDown()[pri:0, instance:tests.homePageTest@5032714f]" started-at="2024-03-18T21:57:39 EDT" name="teardDown" finished-at="2024-03-18T21:57:40 EDT" duration-ms="845" status="PASS">
          <reporter-output>
          </reporter-output>
        </test-method> <!-- teardDown -->
      </class> <!-- tests.homePageTest -->
    </test> <!-- Default test -->
  </suite> <!-- Default suite -->
</testng-results>
